*** Using Compiler 'V5.06 update 7 (build 960)', folder: 'E:\Keil_MDK\ARM\ARMCC\Bin'
Rebuild target 'f103_EGC'
assembling startup_stm32f103xe.s...
compiling rtc.c...
compiling stm32f1xx_hal_msp.c...
compiling dma.c...
compiling gpio.c...
compiling adc.c...
compiling stm32f1xx_it.c...
compiling user_diskio.c...
../FATFS/Target/user_diskio.c(85): warning:  #223-D: function "SD_init" declared implicitly
  	res = SD_init();//SD_Initialize() 
../FATFS/Target/user_diskio.c(88): warning:  #223-D: function "SPI_setspeed" declared implicitly
  				SPI_setspeed(SPI_BAUDRATEPRESCALER_256);
../FATFS/Target/user_diskio.c(89): warning:  #223-D: function "spi_readwrite" declared implicitly
  				spi_readwrite(0xff);//Êèê‰æõÈ¢ùÂ§ñÁö?8‰∏™Êó∂Èí?
../FATFS/Target/user_diskio.c(145): warning:  #223-D: function "SD_ReadDisk" declared implicitly
  		    res=SD_ReadDisk(buff,sector,count);	 
../FATFS/Target/user_diskio.c(183): warning:  #223-D: function "SD_WriteDisk" declared implicitly
  		    res=SD_WriteDisk((uint8_t *)buff,sector,count);
../FATFS/Target/user_diskio.c(214): warning:  #223-D: function "SD_CS" declared implicitly
  						SD_CS(1);
../FATFS/Target/user_diskio.c(217): warning:  #223-D: function "spi_readwrite" declared implicitly
  						}while(spi_readwrite(0xFF)!=0xFF);
../FATFS/Target/user_diskio.c(230): warning:  #223-D: function "SD_GetSectorCount" declared implicitly
  		        *(DWORD*)buff = SD_GetSectorCount();
../FATFS/Target/user_diskio.c: 8 warnings, 0 errors
compiling main.c...
compiling usb.c...
compiling dac.c...
compiling usart.c...
compiling spi.c...
compiling sd.c...
compiling stm32f1xx_hal.c...
compiling stm32f1xx_hal_gpio_ex.c...
compiling fatfs.c...
compiling stm32f1xx_hal_adc_ex.c...
compiling stm32f1xx_hal_pwr.c...
compiling stm32f1xx_hal_rcc_ex.c...
compiling stm32f1xx_hal_rcc.c...
compiling stm32f1xx_hal_gpio.c...
compiling stm32f1xx_hal_adc.c...
compiling stm32f1xx_hal_cortex.c...
compiling stm32f1xx_hal_flash_ex.c...
compiling stm32f1xx_hal_flash.c...
compiling stm32f1xx_hal_dma.c...
compiling stm32f1xx_hal_dac_ex.c...
compiling stm32f1xx_hal_exti.c...
compiling stm32f1xx_hal_dac.c...
compiling system_stm32f1xx.c...
compiling stm32f1xx_hal_rtc.c...
compiling stm32f1xx_hal_tim_ex.c...
compiling stm32f1xx_hal_pcd_ex.c...
compiling stm32f1xx_hal_tim.c...
compiling stm32f1xx_hal_rtc_ex.c...
compiling stm32f1xx_hal_pcd.c...
compiling stm32f1xx_hal_spi.c...
compiling stm32f1xx_hal_uart.c...
compiling stm32f1xx_ll_usb.c...
compiling diskio.c...
compiling ff_gen_drv.c...
compiling ccsbcs.c...
compiling syscall.c...
compiling ff.c...
linking...
Program Size: Code=20988 RO-data=1800 RW-data=92 ZI-data=9724  
FromELF: creating hex file...
"f103_EGC\f103_EGC.axf" - 0 Error(s), 8 Warning(s).
Build Time Elapsed:  00:00:10
