<<<<<<< Updated upstream
[info] Log at : 2025/6/1|21:43:38|GMT+0800

[Warn] 发现无效的文件组，Group: CMSIS/DSP
[Warn] 发现无效的文件组，Group: ::CMSIS
=======
[info] Log at : 2025/6/1|20:51:09|GMT+0800

[Warn] 发现无效的文件组，Group: CMSIS/DSP
[Warn] 发现无效的文件组，Group: ::CMSIS
[Warn] 发现无效的文件组，Group: CMSIS/DSP
[Warn] 发现无效的文件组，Group: ::CMSIS
>>>>>>> Stashed changes
[info] Log at : 2025/6/10|22:55:07|GMT+0800

[Warn] 发现无效的文件组，Group: CMSIS/DSP
[Warn] 发现无效的文件组，Group: ::CMSIS
[info] Log at : 2025/6/10|23:50:38|GMT+0800

[info] Log at : 2025/6/11|00:00:35|GMT+0800

[Warn] 发现无效的文件组，Group: CMSIS/DSP
[Warn] 发现无效的文件组，Group: ::CMSIS
[Warn] 发现无效的文件组，Group: CMSIS/DSP
[Warn] 发现无效的文件组，Group: ::CMSIS
[info] Log at : 2025/6/14|20:56:36|GMT+0800

[Warn] 发现无效的文件组，Group: CMSIS/DSP
[Warn] 发现无效的文件组，Group: ::CMSIS
